{"D:\\Desktop\\学习\\p2p\\Gossip-10\\src\\MessageType.ts": {"path":"D:\\Desktop\\学习\\p2p\\Gossip-10\\src\\MessageType.ts","statementMap":{"0":{"start":{"line":2,"column":12},"end":{"line":59,"column":null}},"1":{"start":{"line":60,"column":12},"end":{"line":60,"column":null}},"2":{"start":{"line":63,"column":58},"end":{"line":63,"column":60}},"3":{"start":{"line":65,"column":8},"end":{"line":70,"column":null}},"4":{"start":{"line":66,"column":12},"end":{"line":69,"column":null}},"5":{"start":{"line":67,"column":30},"end":{"line":67,"column":46}},"6":{"start":{"line":68,"column":16},"end":{"line":68,"column":44}},"7":{"start":{"line":71,"column":8},"end":{"line":71,"column":30}},"8":{"start":{"line":75,"column":8},"end":{"line":75,"column":null}},"9":{"start":{"line":78,"column":8},"end":{"line":78,"column":null}},"10":{"start":{"line":83,"column":0},"end":{"line":83,"column":33}}},"fnMap":{"0":{"name":"(anonymous_0)","decl":{"start":{"line":1,"column":0},"end":{"line":1,"column":6}},"loc":{"start":{"line":1,"column":0},"end":{"line":81,"column":1}}},"1":{"name":"(anonymous_1)","decl":{"start":{"line":62,"column":12},"end":{"line":62,"column":33}},"loc":{"start":{"line":62,"column":69},"end":{"line":72,"column":5}}},"2":{"name":"(anonymous_2)","decl":{"start":{"line":74,"column":11},"end":{"line":74,"column":18}},"loc":{"start":{"line":74,"column":31},"end":{"line":76,"column":5}}},"3":{"name":"(anonymous_3)","decl":{"start":{"line":77,"column":11},"end":{"line":77,"column":18}},"loc":{"start":{"line":77,"column":31},"end":{"line":80,"column":5}}}},"branchMap":{"0":{"loc":{"start":{"line":66,"column":12},"end":{"line":69,"column":null}},"type":"if","locations":[{"start":{"line":66,"column":12},"end":{"line":69,"column":null}}]}},"s":{"0":1,"1":1,"2":1,"3":1,"4":51,"5":51,"6":51,"7":1,"8":1,"9":1,"10":1},"f":{"0":1,"1":1,"2":1,"3":1},"b":{"0":[51]}}
}
